-------------------------------------------------------------------------------
Test set: com.sxt.SpringbootCangkuApplicationTests
-------------------------------------------------------------------------------
Tests run: 3, Failures: 0, Errors: 3, Skipped: 0, Time elapsed: 0.048 s <<< FAILURE! - in com.sxt.SpringbootCangkuApplicationTests
initializationError(com.sxt.SpringbootCangkuApplicationTests)  Time elapsed: 0.005 s  <<< ERROR!
java.lang.Exception: The class com.sxt.SpringbootCangkuApplicationTests is not public.

initializationError(com.sxt.SpringbootCangkuApplicationTests)  Time elapsed: 0 s  <<< ERROR!
java.lang.Exception: Test class should have exactly one public constructor

initializationError(com.sxt.SpringbootCangkuApplicationTests)  Time elapsed: 0 s  <<< ERROR!
java.lang.Exception: Method contextLoads() should be public

